c:\users\kevin\source\repos\bidouengine\bin\intermediates\win32\debug\vc141.pdb
c:\users\kevin\source\repos\bidouengine\bin\intermediates\win32\debug\vc141.idb
c:\users\kevin\source\repos\bidouengine\bin\intermediates\win32\debug\vec4.obj
c:\users\kevin\source\repos\bidouengine\bin\intermediates\win32\debug\vec3.obj
c:\users\kevin\source\repos\bidouengine\bin\intermediates\win32\debug\vec2.obj
c:\users\kevin\source\repos\bidouengine\bin\intermediates\win32\debug\mat4.obj
c:\users\kevin\source\repos\bidouengine\bin\intermediates\win32\debug\window.obj
c:\users\kevin\source\repos\bidouengine\bin\intermediates\win32\debug\shader.obj
c:\users\kevin\source\repos\bidouengine\bin\intermediates\win32\debug\vertexarray.obj
c:\users\kevin\source\repos\bidouengine\bin\intermediates\win32\debug\indexbuffer.obj
c:\users\kevin\source\repos\bidouengine\bin\intermediates\win32\debug\buffer.obj
c:\users\kevin\source\repos\bidouengine\bin\intermediates\win32\debug\main.obj
c:\users\kevin\source\repos\bidouengine\bin\win32\debug\bidou-core.ilk
c:\users\kevin\source\repos\bidouengine\bin\win32\debug\bidou-core.exe
c:\users\kevin\source\repos\bidouengine\bin\win32\debug\bidou-core.pdb
c:\users\kevin\source\repos\bidouengine\bin\intermediates\win32\debug\bidou-core.tlog\cl.command.1.tlog
c:\users\kevin\source\repos\bidouengine\bin\intermediates\win32\debug\bidou-core.tlog\cl.read.1.tlog
c:\users\kevin\source\repos\bidouengine\bin\intermediates\win32\debug\bidou-core.tlog\cl.write.1.tlog
c:\users\kevin\source\repos\bidouengine\bin\intermediates\win32\debug\bidou-core.tlog\link.command.1.tlog
c:\users\kevin\source\repos\bidouengine\bin\intermediates\win32\debug\bidou-core.tlog\link.read.1.tlog
c:\users\kevin\source\repos\bidouengine\bin\intermediates\win32\debug\bidou-core.tlog\link.write.1.tlog
