c:\users\kévin\documents\visual studio 2015\projects\bidou\ bin\debug\intermediates\vc140.pdb
c:\users\kévin\documents\visual studio 2015\projects\bidou\ bin\debug\intermediates\vc140.idb
c:\users\kévin\documents\visual studio 2015\projects\bidou\ bin\debug\intermediates\main.obj
c:\users\kévin\documents\visual studio 2015\projects\bidou\ bin\debug\intermediates\window.obj
c:\users\kévin\documents\visual studio 2015\projects\bidou\ bin\debug\intermediates\vec2.obj
c:\users\kévin\documents\visual studio 2015\projects\bidou\ bin\debug\intermediates\vec3.obj
c:\users\kévin\documents\visual studio 2015\projects\bidou\ bin\debug\intermediates\vec4.obj
c:\users\kévin\documents\visual studio 2015\projects\bidou\ bin\debug\intermediates\mat4.obj
c:\users\kévin\documents\visual studio 2015\projects\bidou\ bin\debug\intermediates\shader.obj
c:\users\kévin\documents\visual studio 2015\projects\bidou\ bin\debug\bidou-core.ilk
c:\users\kévin\documents\visual studio 2015\projects\bidou\ bin\debug\bidou-core.exe
c:\users\kévin\documents\visual studio 2015\projects\bidou\ bin\debug\bidou-core.pdb
c:\users\kévin\documents\visual studio 2015\projects\bidou\ bin\debug\intermediates\bidou-core.tlog\cl.command.1.tlog
c:\users\kévin\documents\visual studio 2015\projects\bidou\ bin\debug\intermediates\bidou-core.tlog\cl.read.1.tlog
c:\users\kévin\documents\visual studio 2015\projects\bidou\ bin\debug\intermediates\bidou-core.tlog\cl.write.1.tlog
c:\users\kévin\documents\visual studio 2015\projects\bidou\ bin\debug\intermediates\bidou-core.tlog\link-cvtres.read.1.tlog
c:\users\kévin\documents\visual studio 2015\projects\bidou\ bin\debug\intermediates\bidou-core.tlog\link-cvtres.write.1.tlog
c:\users\kévin\documents\visual studio 2015\projects\bidou\ bin\debug\intermediates\bidou-core.tlog\link-rc.read.1.tlog
c:\users\kévin\documents\visual studio 2015\projects\bidou\ bin\debug\intermediates\bidou-core.tlog\link-rc.write.1.tlog
c:\users\kévin\documents\visual studio 2015\projects\bidou\ bin\debug\intermediates\bidou-core.tlog\link.8628-cvtres.read.1.tlog
c:\users\kévin\documents\visual studio 2015\projects\bidou\ bin\debug\intermediates\bidou-core.tlog\link.8628-cvtres.write.1.tlog
c:\users\kévin\documents\visual studio 2015\projects\bidou\ bin\debug\intermediates\bidou-core.tlog\link.8628-rc.read.1.tlog
c:\users\kévin\documents\visual studio 2015\projects\bidou\ bin\debug\intermediates\bidou-core.tlog\link.8628-rc.write.1.tlog
c:\users\kévin\documents\visual studio 2015\projects\bidou\ bin\debug\intermediates\bidou-core.tlog\link.8628.read.1.tlog
c:\users\kévin\documents\visual studio 2015\projects\bidou\ bin\debug\intermediates\bidou-core.tlog\link.8628.write.1.tlog
c:\users\kévin\documents\visual studio 2015\projects\bidou\ bin\debug\intermediates\bidou-core.tlog\link.command.1.tlog
c:\users\kévin\documents\visual studio 2015\projects\bidou\ bin\debug\intermediates\bidou-core.tlog\link.read.1.tlog
c:\users\kévin\documents\visual studio 2015\projects\bidou\ bin\debug\intermediates\bidou-core.tlog\link.write.1.tlog
