  vec4.cpp
  vec3.cpp
  vec2.cpp
  mat4.cpp
c:\users\kevin\documents\programmation\bidouengine\bidou-core\src\maths\maths_func.h(9): warning C4244: 'return' : conversion de 'double' en 'float', perte possible de données
  window.cpp
  shader.cpp
c:\users\kevin\documents\programmation\bidouengine\bidou-core\src\maths\maths_func.h(9): warning C4244: 'return' : conversion de 'double' en 'float', perte possible de données
  main.cpp
c:\users\kevin\documents\programmation\bidouengine\bidou-core\src\maths\maths_func.h(9): warning C4244: 'return' : conversion de 'double' en 'float', perte possible de données
  Génération de code en cours...
main.obj : error LNK2001: symbole externe non résolu __imp___glewBindBuffer
main.obj : error LNK2001: symbole externe non résolu __imp___glewBufferData
main.obj : error LNK2001: symbole externe non résolu __imp___glewGenBuffers
main.obj : error LNK2001: symbole externe non résolu __imp___glewEnableVertexAttribArray
main.obj : error LNK2001: symbole externe non résolu __imp___glewVertexAttribPointer
shader.obj : error LNK2001: symbole externe non résolu __imp___glewAttachShader
shader.obj : error LNK2001: symbole externe non résolu __imp___glewCompileShader
shader.obj : error LNK2001: symbole externe non résolu __imp___glewCreateProgram
shader.obj : error LNK2001: symbole externe non résolu __imp___glewCreateShader
shader.obj : error LNK2001: symbole externe non résolu __imp___glewDeleteProgram
shader.obj : error LNK2001: symbole externe non résolu __imp___glewDeleteShader
shader.obj : error LNK2001: symbole externe non résolu __imp___glewGetShaderInfoLog
shader.obj : error LNK2001: symbole externe non résolu __imp___glewGetShaderiv
shader.obj : error LNK2001: symbole externe non résolu __imp___glewGetUniformLocation
shader.obj : error LNK2001: symbole externe non résolu __imp___glewLinkProgram
shader.obj : error LNK2001: symbole externe non résolu __imp___glewShaderSource
shader.obj : error LNK2001: symbole externe non résolu __imp___glewUniform1f
shader.obj : error LNK2001: symbole externe non résolu __imp___glewUniform1i
shader.obj : error LNK2001: symbole externe non résolu __imp___glewUniform2f
shader.obj : error LNK2001: symbole externe non résolu __imp___glewUniform3f
shader.obj : error LNK2001: symbole externe non résolu __imp___glewUniform4f
shader.obj : error LNK2001: symbole externe non résolu __imp___glewUniformMatrix4fv
shader.obj : error LNK2001: symbole externe non résolu __imp___glewUseProgram
shader.obj : error LNK2001: symbole externe non résolu __imp___glewValidateProgram
window.obj : error LNK2019: symbole externe non résolu __imp_glewInit référencé dans la fonction "private: bool __cdecl bidou::graphics::Window::init(void)" (?init@Window@graphics@bidou@@AEAA_NXZ)
window.obj : error LNK2019: symbole externe non résolu glfwInit référencé dans la fonction "private: bool __cdecl bidou::graphics::Window::init(void)" (?init@Window@graphics@bidou@@AEAA_NXZ)
window.obj : error LNK2019: symbole externe non résolu glfwTerminate référencé dans la fonction "public: __cdecl bidou::graphics::Window::Window(char const *,int,int)" (??0Window@graphics@bidou@@QEAA@PEBDHH@Z)
window.obj : error LNK2019: symbole externe non résolu glfwCreateWindow référencé dans la fonction "private: bool __cdecl bidou::graphics::Window::init(void)" (?init@Window@graphics@bidou@@AEAA_NXZ)
window.obj : error LNK2019: symbole externe non résolu glfwWindowShouldClose référencé dans la fonction "public: bool __cdecl bidou::graphics::Window::closed(void)const " (?closed@Window@graphics@bidou@@QEBA_NXZ)
window.obj : error LNK2019: symbole externe non résolu glfwGetFramebufferSize référencé dans la fonction "public: void __cdecl bidou::graphics::Window::update(void)" (?update@Window@graphics@bidou@@QEAAXXZ)
window.obj : error LNK2019: symbole externe non résolu glfwSetWindowUserPointer référencé dans la fonction "private: bool __cdecl bidou::graphics::Window::init(void)" (?init@Window@graphics@bidou@@AEAA_NXZ)
window.obj : error LNK2019: symbole externe non résolu glfwGetWindowUserPointer référencé dans la fonction "void __cdecl bidou::graphics::cursor_position_callback(struct GLFWwindow *,double,double)" (?cursor_position_callback@graphics@bidou@@YAXPEAUGLFWwindow@@NN@Z)
window.obj : error LNK2019: symbole externe non résolu glfwSetWindowSizeCallback référencé dans la fonction "private: bool __cdecl bidou::graphics::Window::init(void)" (?init@Window@graphics@bidou@@AEAA_NXZ)
window.obj : error LNK2019: symbole externe non résolu glfwPollEvents référencé dans la fonction "public: void __cdecl bidou::graphics::Window::update(void)" (?update@Window@graphics@bidou@@QEAAXXZ)
window.obj : error LNK2019: symbole externe non résolu glfwSetKeyCallback référencé dans la fonction "private: bool __cdecl bidou::graphics::Window::init(void)" (?init@Window@graphics@bidou@@AEAA_NXZ)
window.obj : error LNK2019: symbole externe non résolu glfwSetMouseButtonCallback référencé dans la fonction "private: bool __cdecl bidou::graphics::Window::init(void)" (?init@Window@graphics@bidou@@AEAA_NXZ)
window.obj : error LNK2019: symbole externe non résolu glfwSetCursorPosCallback référencé dans la fonction "private: bool __cdecl bidou::graphics::Window::init(void)" (?init@Window@graphics@bidou@@AEAA_NXZ)
window.obj : error LNK2019: symbole externe non résolu glfwMakeContextCurrent référencé dans la fonction "private: bool __cdecl bidou::graphics::Window::init(void)" (?init@Window@graphics@bidou@@AEAA_NXZ)
window.obj : error LNK2019: symbole externe non résolu glfwSwapBuffers référencé dans la fonction "public: void __cdecl bidou::graphics::Window::update(void)" (?update@Window@graphics@bidou@@QEAAXXZ)
C:\Users\kevin\Documents\Programmation\bidouEngine\Dependencies\GLFW\lib-vc2015\glfw3.lib : warning LNK4272: type d'ordinateur bibliothèque 'x86' en conflit avec le type d'ordinateur cible 'x64'
C:\Users\kevin\Documents\Programmation\bidouEngine\Dependencies\GLEW\lib\glew32s.lib : warning LNK4272: type d'ordinateur bibliothèque 'x86' en conflit avec le type d'ordinateur cible 'x64'
C:\Users\kevin\Documents\Programmation\bidouEngine\x64\Debug\Bidou-core.exe : fatal error LNK1120: 39 externes non résolus
