c:\users\kevin\documents\programmation\bidouengine\bidou-core\x64\debug\vc141.pdb
c:\users\kevin\documents\programmation\bidouengine\bidou-core\x64\debug\vc141.idb
c:\users\kevin\documents\programmation\bidouengine\bidou-core\x64\debug\main.obj
c:\users\kevin\documents\programmation\bidouengine\bidou-core\x64\debug\shader.obj
c:\users\kevin\documents\programmation\bidouengine\bidou-core\x64\debug\window.obj
c:\users\kevin\documents\programmation\bidouengine\bidou-core\x64\debug\mat4.obj
c:\users\kevin\documents\programmation\bidouengine\bidou-core\x64\debug\vec2.obj
c:\users\kevin\documents\programmation\bidouengine\bidou-core\x64\debug\vec3.obj
c:\users\kevin\documents\programmation\bidouengine\bidou-core\x64\debug\vec4.obj
c:\users\kevin\documents\programmation\bidouengine\x64\debug\bidou-core.pdb
c:\users\kevin\documents\programmation\bidouengine\bidou-core\x64\debug\bidou-core.tlog\cl.command.1.tlog
c:\users\kevin\documents\programmation\bidouengine\bidou-core\x64\debug\bidou-core.tlog\cl.read.1.tlog
c:\users\kevin\documents\programmation\bidouengine\bidou-core\x64\debug\bidou-core.tlog\cl.write.1.tlog
c:\users\kevin\documents\programmation\bidouengine\bidou-core\x64\debug\bidou-core.tlog\link-cvtres.read.1.tlog
c:\users\kevin\documents\programmation\bidouengine\bidou-core\x64\debug\bidou-core.tlog\link-cvtres.write.1.tlog
c:\users\kevin\documents\programmation\bidouengine\bidou-core\x64\debug\bidou-core.tlog\link-rc.read.1.tlog
c:\users\kevin\documents\programmation\bidouengine\bidou-core\x64\debug\bidou-core.tlog\link-rc.write.1.tlog
c:\users\kevin\documents\programmation\bidouengine\bidou-core\x64\debug\bidou-core.tlog\link.command.1.tlog
c:\users\kevin\documents\programmation\bidouengine\bidou-core\x64\debug\bidou-core.tlog\link.read.1.tlog
c:\users\kevin\documents\programmation\bidouengine\bidou-core\x64\debug\bidou-core.tlog\link.write.1.tlog
